<?xml version="1.0" encoding="UTF-8" ?>
<testsuites name="vitest tests" tests="70" failures="0" errors="0" time="0.596">
    <testsuite name="src/tests/checks.test.ts" timestamp="2024-07-16T18:28:09.165Z" hostname="LENOVO-P1-GEN5" tests="3" failures="0" errors="0" skipped="0" time="0.009">
        <testcase classname="src/tests/checks.test.ts" name="check &gt; startCheck" time="0.006">
        </testcase>
        <testcase classname="src/tests/checks.test.ts" name="check &gt; cancelCheck" time="0.001">
        </testcase>
        <testcase classname="src/tests/checks.test.ts" name="check &gt; finishCheck" time="0.001">
        </testcase>
    </testsuite>
    <testsuite name="src/tests/input.test.ts" timestamp="2024-07-16T18:28:09.167Z" hostname="LENOVO-P1-GEN5" tests="15" failures="0" errors="0" skipped="0" time="0.006">
        <testcase classname="src/tests/input.test.ts" name="input &gt; getInput &gt; env.INPUT_FOO | getInput(&quot;foo&quot;)" time="0.001">
        </testcase>
        <testcase classname="src/tests/input.test.ts" name="input &gt; getInput &gt; env.INPUT_FOO-BAR | getInput(&quot;foo-bar&quot;)" time="0">
        </testcase>
        <testcase classname="src/tests/input.test.ts" name="input &gt; getInput &gt; env.INPUT_FOO_BAR | getInput(&quot;foo-bar&quot;)" time="0">
        </testcase>
        <testcase classname="src/tests/input.test.ts" name="input &gt; getInputBool &gt; &quot;true&quot; == true" time="0">
        </testcase>
        <testcase classname="src/tests/input.test.ts" name="input &gt; getInputBool &gt; &quot;1&quot; == true" time="0">
        </testcase>
        <testcase classname="src/tests/input.test.ts" name="input &gt; getInputBool &gt; &quot;&quot; == false" time="0">
        </testcase>
        <testcase classname="src/tests/input.test.ts" name="input &gt; getInputBool &gt; &quot;foobar&quot; == false" time="0">
        </testcase>
        <testcase classname="src/tests/input.test.ts" name="input &gt; getInputList &gt; getInputList(&quot;&quot;) == []" time="0.002">
        </testcase>
        <testcase classname="src/tests/input.test.ts" name="input &gt; getInputList &gt; getInputList(&quot;, ,, &quot;) == []" time="0">
        </testcase>
        <testcase classname="src/tests/input.test.ts" name="input &gt; getInputList &gt; getInputList(&quot;one,two,three&quot;) == [ &apos;one&apos;, &apos;two&apos;, &apos;three&apos; ]" time="0">
        </testcase>
        <testcase classname="src/tests/input.test.ts" name="input &gt; getInputList &gt; getInputList(&quot;,one , two , three&quot;) == [ &apos;one&apos;, &apos;two&apos;, &apos;three&apos; ]" time="0">
        </testcase>
        <testcase classname="src/tests/input.test.ts" name="input &gt; getInputAsArray &gt; getInputAsArray(&quot;&quot;) == []" time="0.001">
        </testcase>
        <testcase classname="src/tests/input.test.ts" name="input &gt; getInputAsArray &gt; getInputAsArray(&quot;
 

 &quot;) == []" time="0">
        </testcase>
        <testcase classname="src/tests/input.test.ts" name="input &gt; getInputAsArray &gt; getInputAsArray(&quot;one
two
three&quot;) == [ &apos;one&apos;, &apos;two&apos;, &apos;three&apos; ]" time="0">
        </testcase>
        <testcase classname="src/tests/input.test.ts" name="input &gt; getInputAsArray &gt; getInputAsArray(&quot;
one 
 two 
 three&quot;) == [ &apos;one&apos;, &apos;two&apos;, &apos;three&apos; ]" time="0">
        </testcase>
    </testsuite>
    <testsuite name="src/tests/commands/cargo.test.ts" timestamp="2024-07-16T18:28:09.171Z" hostname="LENOVO-P1-GEN5" tests="15" failures="0" errors="0" skipped="0" time="0.011">
        <testcase classname="src/tests/commands/cargo.test.ts" name="cargo &gt; Cargo" time="0.001">
        </testcase>
        <testcase classname="src/tests/commands/cargo.test.ts" name="cargo &gt; Cargo not found" time="0.002">
        </testcase>
        <testcase classname="src/tests/commands/cargo.test.ts" name="cargo &gt; Cargo findOrInstall" time="0">
        </testcase>
        <testcase classname="src/tests/commands/cargo.test.ts" name="cargo &gt; Cargo findOrInstall not found" time="0.001">
        </testcase>
        <testcase classname="src/tests/commands/cargo.test.ts" name="cargo &gt; Cargo findOrInstall not found with version" time="0">
        </testcase>
        <testcase classname="src/tests/commands/cargo.test.ts" name="cargo &gt; Cargo findOrInstall not found with explicit version latest" time="0.001">
        </testcase>
        <testcase classname="src/tests/commands/cargo.test.ts" name="cargo &gt; Cargo findOrInstall not found" time="0">
        </testcase>
        <testcase classname="src/tests/commands/cargo.test.ts" name="cargo &gt; Cargo findOrInstall not found with explicit version latest" time="0.001">
        </testcase>
        <testcase classname="src/tests/commands/cargo.test.ts" name="cargo &gt; Cargo findOrInstall with primary key" time="0">
        </testcase>
        <testcase classname="src/tests/commands/cargo.test.ts" name="cargo &gt; Cargo findOrInstall with primary key &amp; restore keys" time="0">
        </testcase>
        <testcase classname="src/tests/commands/cargo.test.ts" name="cargo &gt; Cargo findOrInstall with primary key, no cache key" time="0.001">
        </testcase>
        <testcase classname="src/tests/commands/cargo.test.ts" name="cargo &gt; Cargo findOrInstall with primary key, cache save fails 1" time="0">
        </testcase>
        <testcase classname="src/tests/commands/cargo.test.ts" name="cargo &gt; Cargo findOrInstall with primary key, cache save fails 2" time="0.001">
        </testcase>
        <testcase classname="src/tests/commands/cargo.test.ts" name="cargo &gt; Cargo findOrInstall with primary key, cache save fails 3" time="0.001">
        </testcase>
        <testcase classname="src/tests/commands/cargo.test.ts" name="cargo &gt; Cargo findOrInstall with primary key, cache save fails 4" time="0.001">
        </testcase>
    </testsuite>
    <testsuite name="src/tests/commands/crates.test.ts" timestamp="2024-07-16T18:28:09.174Z" hostname="LENOVO-P1-GEN5" tests="4" failures="0" errors="0" skipped="0" time="0.005">
        <testcase classname="src/tests/commands/crates.test.ts" name="resolveVersion &gt; resolves" time="0.002">
        </testcase>
        <testcase classname="src/tests/commands/crates.test.ts" name="resolveVersion &gt; not found" time="0.002">
        </testcase>
        <testcase classname="src/tests/commands/crates.test.ts" name="resolveVersion &gt; fail 500" time="0">
        </testcase>
        <testcase classname="src/tests/commands/crates.test.ts" name="resolveVersion &gt; ok but still no crate version" time="0.001">
        </testcase>
    </testsuite>
    <testsuite name="src/tests/commands/cross.test.ts" timestamp="2024-07-16T18:28:09.176Z" hostname="LENOVO-P1-GEN5" tests="5" failures="0" errors="0" skipped="0" time="0.006">
        <testcase classname="src/tests/commands/cross.test.ts" name="cross &gt; Cross" time="0.001">
        </testcase>
        <testcase classname="src/tests/commands/cross.test.ts" name="cross &gt; Cross not found" time="0.001">
        </testcase>
        <testcase classname="src/tests/commands/cross.test.ts" name="cross &gt; Cross install" time="0.001">
        </testcase>
        <testcase classname="src/tests/commands/cross.test.ts" name="cross &gt; Cross getOrInstall" time="0">
        </testcase>
        <testcase classname="src/tests/commands/cross.test.ts" name="cross &gt; Cross getOrInstall fail" time="0.001">
        </testcase>
    </testsuite>
    <testsuite name="src/tests/commands/rustup.test.ts" timestamp="2024-07-16T18:28:09.178Z" hostname="LENOVO-P1-GEN5" tests="28" failures="0" errors="0" skipped="0" time="0.011">
        <testcase classname="src/tests/commands/rustup.test.ts" name="rustup &gt; get" time="0.002">
        </testcase>
        <testcase classname="src/tests/commands/rustup.test.ts" name="rustup &gt; getOrInstall install" time="0.001">
        </testcase>
        <testcase classname="src/tests/commands/rustup.test.ts" name="rustup &gt; install unknown platform" time="0.001">
        </testcase>
        <testcase classname="src/tests/commands/rustup.test.ts" name="rustup &gt; install linux" time="0">
        </testcase>
        <testcase classname="src/tests/commands/rustup.test.ts" name="rustup &gt; install darwin" time="0.001">
        </testcase>
        <testcase classname="src/tests/commands/rustup.test.ts" name="rustup &gt; install win32" time="0">
        </testcase>
        <testcase classname="src/tests/commands/rustup.test.ts" name="rustup &gt; installToolchain" time="0">
        </testcase>
        <testcase classname="src/tests/commands/rustup.test.ts" name="rustup &gt; installToolchain stable-x86_64-pc-windows-msvc" time="0.001">
        </testcase>
        <testcase classname="src/tests/commands/rustup.test.ts" name="rustup &gt; installToolchain components" time="0">
        </testcase>
        <testcase classname="src/tests/commands/rustup.test.ts" name="rustup &gt; installToolchain noSelfUpdate" time="0">
        </testcase>
        <testcase classname="src/tests/commands/rustup.test.ts" name="rustup &gt; installToolchain allowDowngrade" time="0">
        </testcase>
        <testcase classname="src/tests/commands/rustup.test.ts" name="rustup &gt; installToolchain force" time="0">
        </testcase>
        <testcase classname="src/tests/commands/rustup.test.ts" name="rustup &gt; installToolchain default" time="0.001">
        </testcase>
        <testcase classname="src/tests/commands/rustup.test.ts" name="rustup &gt; installToolchain override" time="0">
        </testcase>
        <testcase classname="src/tests/commands/rustup.test.ts" name="rustup &gt; addTarget" time="0">
        </testcase>
        <testcase classname="src/tests/commands/rustup.test.ts" name="rustup &gt; addTarget forToolchain" time="0">
        </testcase>
        <testcase classname="src/tests/commands/rustup.test.ts" name="rustup &gt; which" time="0.001">
        </testcase>
        <testcase classname="src/tests/commands/rustup.test.ts" name="rustup &gt; which" time="0">
        </testcase>
        <testcase classname="src/tests/commands/rustup.test.ts" name="rustup &gt; setProfile" time="0">
        </testcase>
        <testcase classname="src/tests/commands/rustup.test.ts" name="rustup &gt; selfUpdate" time="0">
        </testcase>
        <testcase classname="src/tests/commands/rustup.test.ts" name="rustup &gt; activeToolchain" time="0.001">
        </testcase>
        <testcase classname="src/tests/commands/rustup.test.ts" name="rustup &gt; activeToolchain none set" time="0">
        </testcase>
        <testcase classname="src/tests/commands/rustup.test.ts" name="rustup &gt; version" time="0">
        </testcase>
        <testcase classname="src/tests/commands/rustup.test.ts" name="rustup &gt; version none set" time="0">
        </testcase>
        <testcase classname="src/tests/commands/rustup.test.ts" name="rustup &gt; supportProfiles" time="0.001">
        </testcase>
        <testcase classname="src/tests/commands/rustup.test.ts" name="rustup &gt; supportProfiles fail" time="0">
        </testcase>
        <testcase classname="src/tests/commands/rustup.test.ts" name="rustup &gt; supportComponents" time="0">
        </testcase>
        <testcase classname="src/tests/commands/rustup.test.ts" name="rustup &gt; supportComponents fail" time="0.001">
        </testcase>
    </testsuite>
</testsuites>
